<?xml version="1.0" encoding="UTF-8"?>
<!-- Generated by org.testng.reporters.JUnitReportReporter -->
<testsuite hostname="LAPTOP-2D37RTLJ" failures="0" tests="1" name="com.example.testng.Registration" time="7.262" errors="0" timestamp="2022-10-13T17:45:03 IST" skipped="0">
  <testcase classname="com.example.testng.Registration" name="registration" time="7.262"/>
  <system-out/>
</testsuite> <!-- com.example.testng.Registration -->
